<?xml version="1.0" encoding="UTF-8"?>
<!-- Generated by org.testng.reporters.JUnitReportReporter -->
<testsuite hostname="Anaisha" failures="0" tests="2" name="org.automation.Tests.TestCases_FailScenario" time="0.004" errors="0" timestamp="24 Jan 2023 06:22:55 GMT">
  <testcase classname="org.automation.Tests.TestCases_FailScenario" name="TC004_validateWicketKeeperInTeam" time="0.002"/>
  <testcase classname="org.automation.Tests.TestCases_FailScenario" name="TC003_validateForeignPlayersInTeam" time="0.002"/>
</testsuite> <!-- org.automation.Tests.TestCases_FailScenario -->
